  pharmacy.cpp
c:\c++\file structure\pharmacy system cmd\graph\pharmacy.cpp(8): warning C4067: unexpected tokens following preprocessor directive - expected a newline
c:\c++\file structure\pharmacy system cmd\graph\pharmacy.cpp(9): warning C4067: unexpected tokens following preprocessor directive - expected a newline
c:\c++\file structure\pharmacy system cmd\graph\pharmacy.cpp(20): warning C4067: unexpected tokens following preprocessor directive - expected a newline
c:\c++\file structure\pharmacy system cmd\graph\leftlist.h(2): warning C4067: unexpected tokens following preprocessor directive - expected a newline
c:\c++\file structure\pharmacy system cmd\graph\leftlist.h(3): warning C4067: unexpected tokens following preprocessor directive - expected a newline
c:\c++\file structure\pharmacy system cmd\graph\leftlist.h(4): warning C4067: unexpected tokens following preprocessor directive - expected a newline
c:\c++\file structure\pharmacy system cmd\graph\leftlist.h(5): warning C4067: unexpected tokens following preprocessor directive - expected a newline
c:\c++\file structure\pharmacy system cmd\graph\leftlist.h(12): warning C4067: unexpected tokens following preprocessor directive - expected a newline
c:\c++\file structure\pharmacy system cmd\graph\leftlist.h(21): warning C4018: '<': signed/unsigned mismatch
c:\c++\file structure\pharmacy system cmd\graph\leftlist.h(30): warning C4018: '<': signed/unsigned mismatch
c:\c++\file structure\pharmacy system cmd\graph\leftlist.h(40): warning C4018: '<': signed/unsigned mismatch
c:\c++\file structure\pharmacy system cmd\graph\leftlist.h(59): warning C4067: unexpected tokens following preprocessor directive - expected a newline
c:\c++\file structure\pharmacy system cmd\graph\signup.h(22): warning C4067: unexpected tokens following preprocessor directive - expected a newline
c:\c++\file structure\pharmacy system cmd\graph\signup.h(65): warning C4067: unexpected tokens following preprocessor directive - expected a newline
c:\c++\file structure\pharmacy system cmd\graph\signup.h(78): warning C4067: unexpected tokens following preprocessor directive - expected a newline
c:\c++\file structure\pharmacy system cmd\graph\signup.h(88): warning C4067: unexpected tokens following preprocessor directive - expected a newline
c:\c++\file structure\pharmacy system cmd\graph\signup.h(101): warning C4067: unexpected tokens following preprocessor directive - expected a newline
c:\c++\file structure\pharmacy system cmd\graph\signup.h(127): warning C4067: unexpected tokens following preprocessor directive - expected a newline
c:\c++\file structure\pharmacy system cmd\graph\signup.h(129): warning C4067: unexpected tokens following preprocessor directive - expected a newline
c:\c++\file structure\pharmacy system cmd\graph\signup.h(175): warning C4067: unexpected tokens following preprocessor directive - expected a newline
c:\c++\file structure\pharmacy system cmd\graph\signup.h(179): warning C4067: unexpected tokens following preprocessor directive - expected a newline
c:\c++\file structure\pharmacy system cmd\graph\signup.h(82): warning C4996: 'getche': The POSIX name for this item is deprecated. Instead, use the ISO C and C++ conformant name: _getche. See online help for details.
  c:\program files (x86)\windows kits\10\include\10.0.17763.0\ucrt\conio.h(456): note: see declaration of 'getche'
c:\c++\file structure\pharmacy system cmd\graph\signup.h(105): warning C4996: 'getche': The POSIX name for this item is deprecated. Instead, use the ISO C and C++ conformant name: _getche. See online help for details.
  c:\program files (x86)\windows kits\10\include\10.0.17763.0\ucrt\conio.h(456): note: see declaration of 'getche'
c:\c++\file structure\pharmacy system cmd\graph\signup.h(113): warning C4996: 'getch': The POSIX name for this item is deprecated. Instead, use the ISO C and C++ conformant name: _getch. See online help for details.
  c:\program files (x86)\windows kits\10\include\10.0.17763.0\ucrt\conio.h(453): note: see declaration of 'getch'
c:\c++\file structure\pharmacy system cmd\graph\signup.h(147): warning C4018: '<': signed/unsigned mismatch
c:\c++\file structure\pharmacy system cmd\graph\signup.h(167): warning C4244: '=': conversion from 'std::streamoff' to 'int', possible loss of data
c:\c++\file structure\pharmacy system cmd\graph\login.h(10): warning C4018: '<': signed/unsigned mismatch
c:\c++\file structure\pharmacy system cmd\graph\login.h(31): warning C4244: '=': conversion from 'std::streamoff' to 'int', possible loss of data
c:\c++\file structure\pharmacy system cmd\graph\login.h(54): warning C4244: '=': conversion from 'std::streamoff' to 'int', possible loss of data
c:\c++\file structure\pharmacy system cmd\graph\login.h(36): warning C4996: 'strcpy': This function or variable may be unsafe. Consider using strcpy_s instead. To disable deprecation, use _CRT_SECURE_NO_WARNINGS. See online help for details.
  c:\program files (x86)\windows kits\10\include\10.0.17763.0\ucrt\string.h(133): note: see declaration of 'strcpy'
c:\c++\file structure\pharmacy system cmd\graph\signup.h(172): warning C4996: 'strcpy': This function or variable may be unsafe. Consider using strcpy_s instead. To disable deprecation, use _CRT_SECURE_NO_WARNINGS. See online help for details.
  c:\program files (x86)\windows kits\10\include\10.0.17763.0\ucrt\string.h(133): note: see declaration of 'strcpy'
c:\c++\file structure\pharmacy system cmd\graph\login.h(115): warning C4996: 'getche': The POSIX name for this item is deprecated. Instead, use the ISO C and C++ conformant name: _getche. See online help for details.
  c:\program files (x86)\windows kits\10\include\10.0.17763.0\ucrt\conio.h(456): note: see declaration of 'getche'
c:\c++\file structure\pharmacy system cmd\graph\login.h(120): warning C4996: 'getche': The POSIX name for this item is deprecated. Instead, use the ISO C and C++ conformant name: _getche. See online help for details.
  c:\program files (x86)\windows kits\10\include\10.0.17763.0\ucrt\conio.h(456): note: see declaration of 'getche'
c:\c++\file structure\pharmacy system cmd\graph\signup.h(231): warning C4996: 'getche': The POSIX name for this item is deprecated. Instead, use the ISO C and C++ conformant name: _getche. See online help for details.
  c:\program files (x86)\windows kits\10\include\10.0.17763.0\ucrt\conio.h(456): note: see declaration of 'getche'
c:\c++\file structure\pharmacy system cmd\graph\signup.h(240): warning C4996: 'getche': The POSIX name for this item is deprecated. Instead, use the ISO C and C++ conformant name: _getche. See online help for details.
  c:\program files (x86)\windows kits\10\include\10.0.17763.0\ucrt\conio.h(456): note: see declaration of 'getche'
c:\c++\file structure\pharmacy system cmd\graph\signup.h(253): warning C4244: '=': conversion from 'std::streamoff' to 'int', possible loss of data
c:\c++\file structure\pharmacy system cmd\graph\signup.h(258): warning C4996: 'strcpy': This function or variable may be unsafe. Consider using strcpy_s instead. To disable deprecation, use _CRT_SECURE_NO_WARNINGS. See online help for details.
  c:\program files (x86)\windows kits\10\include\10.0.17763.0\ucrt\string.h(133): note: see declaration of 'strcpy'
c:\c++\file structure\pharmacy system cmd\graph\signup.h(270): warning C4996: 'getche': The POSIX name for this item is deprecated. Instead, use the ISO C and C++ conformant name: _getche. See online help for details.
  c:\program files (x86)\windows kits\10\include\10.0.17763.0\ucrt\conio.h(456): note: see declaration of 'getche'
c:\c++\file structure\pharmacy system cmd\graph\signup.h(283): warning C4244: '=': conversion from 'std::streamoff' to 'int', possible loss of data
c:\c++\file structure\pharmacy system cmd\graph\signup.h(288): warning C4996: 'strcpy': This function or variable may be unsafe. Consider using strcpy_s instead. To disable deprecation, use _CRT_SECURE_NO_WARNINGS. See online help for details.
  c:\program files (x86)\windows kits\10\include\10.0.17763.0\ucrt\string.h(133): note: see declaration of 'strcpy'
c:\c++\file structure\pharmacy system cmd\graph\signup.h(305): warning C4244: '=': conversion from 'std::streamoff' to 'int', possible loss of data
c:\c++\file structure\pharmacy system cmd\graph\signup.h(310): warning C4996: 'strcpy': This function or variable may be unsafe. Consider using strcpy_s instead. To disable deprecation, use _CRT_SECURE_NO_WARNINGS. See online help for details.
  c:\program files (x86)\windows kits\10\include\10.0.17763.0\ucrt\string.h(133): note: see declaration of 'strcpy'
c:\c++\file structure\pharmacy system cmd\graph\signup.h(318): warning C4996: 'getche': The POSIX name for this item is deprecated. Instead, use the ISO C and C++ conformant name: _getche. See online help for details.
  c:\program files (x86)\windows kits\10\include\10.0.17763.0\ucrt\conio.h(456): note: see declaration of 'getche'
c:\c++\file structure\pharmacy system cmd\graph\signup.h(330): warning C4996: 'getche': The POSIX name for this item is deprecated. Instead, use the ISO C and C++ conformant name: _getche. See online help for details.
  c:\program files (x86)\windows kits\10\include\10.0.17763.0\ucrt\conio.h(456): note: see declaration of 'getche'
c:\c++\file structure\pharmacy system cmd\graph\signup.h(350): warning C4996: 'getche': The POSIX name for this item is deprecated. Instead, use the ISO C and C++ conformant name: _getche. See online help for details.
  c:\program files (x86)\windows kits\10\include\10.0.17763.0\ucrt\conio.h(456): note: see declaration of 'getche'
c:\c++\file structure\pharmacy system cmd\graph\signup.h(354): warning C4996: 'getche': The POSIX name for this item is deprecated. Instead, use the ISO C and C++ conformant name: _getche. See online help for details.
  c:\program files (x86)\windows kits\10\include\10.0.17763.0\ucrt\conio.h(456): note: see declaration of 'getche'
c:\c++\file structure\pharmacy system cmd\graph\signup.h(369): warning C4996: 'getche': The POSIX name for this item is deprecated. Instead, use the ISO C and C++ conformant name: _getche. See online help for details.
  c:\program files (x86)\windows kits\10\include\10.0.17763.0\ucrt\conio.h(456): note: see declaration of 'getche'
c:\c++\file structure\pharmacy system cmd\graph\signup.h(373): warning C4996: 'getche': The POSIX name for this item is deprecated. Instead, use the ISO C and C++ conformant name: _getche. See online help for details.
  c:\program files (x86)\windows kits\10\include\10.0.17763.0\ucrt\conio.h(456): note: see declaration of 'getche'
c:\c++\file structure\pharmacy system cmd\graph\signup.h(404): warning C4067: unexpected tokens following preprocessor directive - expected a newline
c:\c++\file structure\pharmacy system cmd\graph\signup.h(411): warning C4067: unexpected tokens following preprocessor directive - expected a newline
c:\c++\file structure\pharmacy system cmd\graph\signup.h(418): warning C4067: unexpected tokens following preprocessor directive - expected a newline
c:\c++\file structure\pharmacy system cmd\graph\signup.h(426): warning C4067: unexpected tokens following preprocessor directive - expected a newline
c:\c++\file structure\pharmacy system cmd\graph\signup.h(435): warning C4067: unexpected tokens following preprocessor directive - expected a newline
c:\c++\file structure\pharmacy system cmd\graph\signup.h(437): warning C4067: unexpected tokens following preprocessor directive - expected a newline
c:\c++\file structure\pharmacy system cmd\graph\leftlist.h(65): warning C4067: unexpected tokens following preprocessor directive - expected a newline
c:\c++\file structure\pharmacy system cmd\graph\signup.h(22): warning C4067: unexpected tokens following preprocessor directive - expected a newline
c:\c++\file structure\pharmacy system cmd\graph\signup.h(65): warning C4067: unexpected tokens following preprocessor directive - expected a newline
c:\c++\file structure\pharmacy system cmd\graph\signup.h(78): warning C4067: unexpected tokens following preprocessor directive - expected a newline
c:\c++\file structure\pharmacy system cmd\graph\signup.h(88): warning C4067: unexpected tokens following preprocessor directive - expected a newline
c:\c++\file structure\pharmacy system cmd\graph\signup.h(101): warning C4067: unexpected tokens following preprocessor directive - expected a newline
c:\c++\file structure\pharmacy system cmd\graph\signup.h(127): warning C4067: unexpected tokens following preprocessor directive - expected a newline
c:\c++\file structure\pharmacy system cmd\graph\signup.h(129): warning C4067: unexpected tokens following preprocessor directive - expected a newline
c:\c++\file structure\pharmacy system cmd\graph\signup.h(175): warning C4067: unexpected tokens following preprocessor directive - expected a newline
c:\c++\file structure\pharmacy system cmd\graph\signup.h(179): warning C4067: unexpected tokens following preprocessor directive - expected a newline
c:\c++\file structure\pharmacy system cmd\graph\signup.h(82): warning C4996: 'getche': The POSIX name for this item is deprecated. Instead, use the ISO C and C++ conformant name: _getche. See online help for details.
  c:\program files (x86)\windows kits\10\include\10.0.17763.0\ucrt\conio.h(456): note: see declaration of 'getche'
c:\c++\file structure\pharmacy system cmd\graph\signup.h(105): warning C4996: 'getche': The POSIX name for this item is deprecated. Instead, use the ISO C and C++ conformant name: _getche. See online help for details.
  c:\program files (x86)\windows kits\10\include\10.0.17763.0\ucrt\conio.h(456): note: see declaration of 'getche'
c:\c++\file structure\pharmacy system cmd\graph\signup.h(113): warning C4996: 'getch': The POSIX name for this item is deprecated. Instead, use the ISO C and C++ conformant name: _getch. See online help for details.
  c:\program files (x86)\windows kits\10\include\10.0.17763.0\ucrt\conio.h(453): note: see declaration of 'getch'
c:\c++\file structure\pharmacy system cmd\graph\signup.h(147): warning C4018: '<': signed/unsigned mismatch
c:\c++\file structure\pharmacy system cmd\graph\signup.h(167): warning C4244: '=': conversion from 'std::streamoff' to 'int', possible loss of data
c:\c++\file structure\pharmacy system cmd\graph\login.h(10): warning C4018: '<': signed/unsigned mismatch
c:\c++\file structure\pharmacy system cmd\graph\login.h(31): warning C4244: '=': conversion from 'std::streamoff' to 'int', possible loss of data
c:\c++\file structure\pharmacy system cmd\graph\login.h(54): warning C4244: '=': conversion from 'std::streamoff' to 'int', possible loss of data
c:\c++\file structure\pharmacy system cmd\graph\login.h(36): warning C4996: 'strcpy': This function or variable may be unsafe. Consider using strcpy_s instead. To disable deprecation, use _CRT_SECURE_NO_WARNINGS. See online help for details.
  c:\program files (x86)\windows kits\10\include\10.0.17763.0\ucrt\string.h(133): note: see declaration of 'strcpy'
c:\c++\file structure\pharmacy system cmd\graph\signup.h(172): warning C4996: 'strcpy': This function or variable may be unsafe. Consider using strcpy_s instead. To disable deprecation, use _CRT_SECURE_NO_WARNINGS. See online help for details.
  c:\program files (x86)\windows kits\10\include\10.0.17763.0\ucrt\string.h(133): note: see declaration of 'strcpy'
c:\c++\file structure\pharmacy system cmd\graph\login.h(115): warning C4996: 'getche': The POSIX name for this item is deprecated. Instead, use the ISO C and C++ conformant name: _getche. See online help for details.
  c:\program files (x86)\windows kits\10\include\10.0.17763.0\ucrt\conio.h(456): note: see declaration of 'getche'
c:\c++\file structure\pharmacy system cmd\graph\login.h(120): warning C4996: 'getche': The POSIX name for this item is deprecated. Instead, use the ISO C and C++ conformant name: _getche. See online help for details.
  c:\program files (x86)\windows kits\10\include\10.0.17763.0\ucrt\conio.h(456): note: see declaration of 'getche'
c:\c++\file structure\pharmacy system cmd\graph\signup.h(231): warning C4996: 'getche': The POSIX name for this item is deprecated. Instead, use the ISO C and C++ conformant name: _getche. See online help for details.
  c:\program files (x86)\windows kits\10\include\10.0.17763.0\ucrt\conio.h(456): note: see declaration of 'getche'
c:\c++\file structure\pharmacy system cmd\graph\signup.h(240): warning C4996: 'getche': The POSIX name for this item is deprecated. Instead, use the ISO C and C++ conformant name: _getche. See online help for details.
  c:\program files (x86)\windows kits\10\include\10.0.17763.0\ucrt\conio.h(456): note: see declaration of 'getche'
c:\c++\file structure\pharmacy system cmd\graph\signup.h(253): warning C4244: '=': conversion from 'std::streamoff' to 'int', possible loss of data
c:\c++\file structure\pharmacy system cmd\graph\signup.h(258): warning C4996: 'strcpy': This function or variable may be unsafe. Consider using strcpy_s instead. To disable deprecation, use _CRT_SECURE_NO_WARNINGS. See online help for details.
  c:\program files (x86)\windows kits\10\include\10.0.17763.0\ucrt\string.h(133): note: see declaration of 'strcpy'
c:\c++\file structure\pharmacy system cmd\graph\signup.h(270): warning C4996: 'getche': The POSIX name for this item is deprecated. Instead, use the ISO C and C++ conformant name: _getche. See online help for details.
  c:\program files (x86)\windows kits\10\include\10.0.17763.0\ucrt\conio.h(456): note: see declaration of 'getche'
c:\c++\file structure\pharmacy system cmd\graph\signup.h(283): warning C4244: '=': conversion from 'std::streamoff' to 'int', possible loss of data
c:\c++\file structure\pharmacy system cmd\graph\signup.h(288): warning C4996: 'strcpy': This function or variable may be unsafe. Consider using strcpy_s instead. To disable deprecation, use _CRT_SECURE_NO_WARNINGS. See online help for details.
  c:\program files (x86)\windows kits\10\include\10.0.17763.0\ucrt\string.h(133): note: see declaration of 'strcpy'
c:\c++\file structure\pharmacy system cmd\graph\signup.h(305): warning C4244: '=': conversion from 'std::streamoff' to 'int', possible loss of data
c:\c++\file structure\pharmacy system cmd\graph\signup.h(310): warning C4996: 'strcpy': This function or variable may be unsafe. Consider using strcpy_s instead. To disable deprecation, use _CRT_SECURE_NO_WARNINGS. See online help for details.
  c:\program files (x86)\windows kits\10\include\10.0.17763.0\ucrt\string.h(133): note: see declaration of 'strcpy'
c:\c++\file structure\pharmacy system cmd\graph\signup.h(318): warning C4996: 'getche': The POSIX name for this item is deprecated. Instead, use the ISO C and C++ conformant name: _getche. See online help for details.
  c:\program files (x86)\windows kits\10\include\10.0.17763.0\ucrt\conio.h(456): note: see declaration of 'getche'
c:\c++\file structure\pharmacy system cmd\graph\signup.h(330): warning C4996: 'getche': The POSIX name for this item is deprecated. Instead, use the ISO C and C++ conformant name: _getche. See online help for details.
  c:\program files (x86)\windows kits\10\include\10.0.17763.0\ucrt\conio.h(456): note: see declaration of 'getche'
c:\c++\file structure\pharmacy system cmd\graph\signup.h(350): warning C4996: 'getche': The POSIX name for this item is deprecated. Instead, use the ISO C and C++ conformant name: _getche. See online help for details.
  c:\program files (x86)\windows kits\10\include\10.0.17763.0\ucrt\conio.h(456): note: see declaration of 'getche'
c:\c++\file structure\pharmacy system cmd\graph\signup.h(354): warning C4996: 'getche': The POSIX name for this item is deprecated. Instead, use the ISO C and C++ conformant name: _getche. See online help for details.
  c:\program files (x86)\windows kits\10\include\10.0.17763.0\ucrt\conio.h(456): note: see declaration of 'getche'
c:\c++\file structure\pharmacy system cmd\graph\signup.h(369): warning C4996: 'getche': The POSIX name for this item is deprecated. Instead, use the ISO C and C++ conformant name: _getche. See online help for details.
  c:\program files (x86)\windows kits\10\include\10.0.17763.0\ucrt\conio.h(456): note: see declaration of 'getche'
c:\c++\file structure\pharmacy system cmd\graph\signup.h(373): warning C4996: 'getche': The POSIX name for this item is deprecated. Instead, use the ISO C and C++ conformant name: _getche. See online help for details.
  c:\program files (x86)\windows kits\10\include\10.0.17763.0\ucrt\conio.h(456): note: see declaration of 'getche'
c:\c++\file structure\pharmacy system cmd\graph\signup.h(404): warning C4067: unexpected tokens following preprocessor directive - expected a newline
c:\c++\file structure\pharmacy system cmd\graph\signup.h(411): warning C4067: unexpected tokens following preprocessor directive - expected a newline
c:\c++\file structure\pharmacy system cmd\graph\signup.h(418): warning C4067: unexpected tokens following preprocessor directive - expected a newline
c:\c++\file structure\pharmacy system cmd\graph\signup.h(426): warning C4067: unexpected tokens following preprocessor directive - expected a newline
c:\c++\file structure\pharmacy system cmd\graph\signup.h(435): warning C4067: unexpected tokens following preprocessor directive - expected a newline
c:\c++\file structure\pharmacy system cmd\graph\signup.h(437): warning C4067: unexpected tokens following preprocessor directive - expected a newline
c:\c++\file structure\pharmacy system cmd\graph\leftlist.h(71): warning C4067: unexpected tokens following preprocessor directive - expected a newline
c:\c++\file structure\pharmacy system cmd\graph\settings.h(2): warning C4067: unexpected tokens following preprocessor directive - expected a newline
c:\c++\file structure\pharmacy system cmd\graph\list2.h(2): warning C4067: unexpected tokens following preprocessor directive - expected a newline
c:\c++\file structure\pharmacy system cmd\graph\list2.h(3): warning C4067: unexpected tokens following preprocessor directive - expected a newline
c:\c++\file structure\pharmacy system cmd\graph\list2.h(4): warning C4067: unexpected tokens following preprocessor directive - expected a newline
c:\c++\file structure\pharmacy system cmd\graph\list2.h(5): warning C4067: unexpected tokens following preprocessor directive - expected a newline
c:\c++\file structure\pharmacy system cmd\graph\list2.h(6): warning C4067: unexpected tokens following preprocessor directive - expected a newline
c:\c++\file structure\pharmacy system cmd\graph\list2.h(13): warning C4067: unexpected tokens following preprocessor directive - expected a newline
c:\c++\file structure\pharmacy system cmd\graph\list2.h(22): warning C4018: '<': signed/unsigned mismatch
c:\c++\file structure\pharmacy system cmd\graph\list2.h(31): warning C4018: '<': signed/unsigned mismatch
c:\c++\file structure\pharmacy system cmd\graph\list2.h(41): warning C4018: '<': signed/unsigned mismatch
c:\c++\file structure\pharmacy system cmd\graph\list2.h(51): warning C4018: '<': signed/unsigned mismatch
c:\c++\file structure\pharmacy system cmd\graph\list2.h(70): warning C4067: unexpected tokens following preprocessor directive - expected a newline
c:\c++\file structure\pharmacy system cmd\graph\signup.h(22): warning C4067: unexpected tokens following preprocessor directive - expected a newline
c:\c++\file structure\pharmacy system cmd\graph\signup.h(65): warning C4067: unexpected tokens following preprocessor directive - expected a newline
c:\c++\file structure\pharmacy system cmd\graph\signup.h(78): warning C4067: unexpected tokens following preprocessor directive - expected a newline
c:\c++\file structure\pharmacy system cmd\graph\signup.h(88): warning C4067: unexpected tokens following preprocessor directive - expected a newline
c:\c++\file structure\pharmacy system cmd\graph\signup.h(101): warning C4067: unexpected tokens following preprocessor directive - expected a newline
c:\c++\file structure\pharmacy system cmd\graph\signup.h(127): warning C4067: unexpected tokens following preprocessor directive - expected a newline
c:\c++\file structure\pharmacy system cmd\graph\signup.h(129): warning C4067: unexpected tokens following preprocessor directive - expected a newline
c:\c++\file structure\pharmacy system cmd\graph\signup.h(175): warning C4067: unexpected tokens following preprocessor directive - expected a newline
c:\c++\file structure\pharmacy system cmd\graph\signup.h(179): warning C4067: unexpected tokens following preprocessor directive - expected a newline
c:\c++\file structure\pharmacy system cmd\graph\signup.h(82): warning C4996: 'getche': The POSIX name for this item is deprecated. Instead, use the ISO C and C++ conformant name: _getche. See online help for details.
  c:\program files (x86)\windows kits\10\include\10.0.17763.0\ucrt\conio.h(456): note: see declaration of 'getche'
c:\c++\file structure\pharmacy system cmd\graph\signup.h(105): warning C4996: 'getche': The POSIX name for this item is deprecated. Instead, use the ISO C and C++ conformant name: _getche. See online help for details.
  c:\program files (x86)\windows kits\10\include\10.0.17763.0\ucrt\conio.h(456): note: see declaration of 'getche'
c:\c++\file structure\pharmacy system cmd\graph\signup.h(113): warning C4996: 'getch': The POSIX name for this item is deprecated. Instead, use the ISO C and C++ conformant name: _getch. See online help for details.
  c:\program files (x86)\windows kits\10\include\10.0.17763.0\ucrt\conio.h(453): note: see declaration of 'getch'
c:\c++\file structure\pharmacy system cmd\graph\signup.h(147): warning C4018: '<': signed/unsigned mismatch
c:\c++\file structure\pharmacy system cmd\graph\signup.h(167): warning C4244: '=': conversion from 'std::streamoff' to 'int', possible loss of data
c:\c++\file structure\pharmacy system cmd\graph\login.h(10): warning C4018: '<': signed/unsigned mismatch
c:\c++\file structure\pharmacy system cmd\graph\login.h(31): warning C4244: '=': conversion from 'std::streamoff' to 'int', possible loss of data
c:\c++\file structure\pharmacy system cmd\graph\login.h(54): warning C4244: '=': conversion from 'std::streamoff' to 'int', possible loss of data
c:\c++\file structure\pharmacy system cmd\graph\login.h(36): warning C4996: 'strcpy': This function or variable may be unsafe. Consider using strcpy_s instead. To disable deprecation, use _CRT_SECURE_NO_WARNINGS. See online help for details.
  c:\program files (x86)\windows kits\10\include\10.0.17763.0\ucrt\string.h(133): note: see declaration of 'strcpy'
c:\c++\file structure\pharmacy system cmd\graph\signup.h(172): warning C4996: 'strcpy': This function or variable may be unsafe. Consider using strcpy_s instead. To disable deprecation, use _CRT_SECURE_NO_WARNINGS. See online help for details.
  c:\program files (x86)\windows kits\10\include\10.0.17763.0\ucrt\string.h(133): note: see declaration of 'strcpy'
c:\c++\file structure\pharmacy system cmd\graph\login.h(115): warning C4996: 'getche': The POSIX name for this item is deprecated. Instead, use the ISO C and C++ conformant name: _getche. See online help for details.
  c:\program files (x86)\windows kits\10\include\10.0.17763.0\ucrt\conio.h(456): note: see declaration of 'getche'
c:\c++\file structure\pharmacy system cmd\graph\login.h(120): warning C4996: 'getche': The POSIX name for this item is deprecated. Instead, use the ISO C and C++ conformant name: _getche. See online help for details.
  c:\program files (x86)\windows kits\10\include\10.0.17763.0\ucrt\conio.h(456): note: see declaration of 'getche'
c:\c++\file structure\pharmacy system cmd\graph\signup.h(231): warning C4996: 'getche': The POSIX name for this item is deprecated. Instead, use the ISO C and C++ conformant name: _getche. See online help for details.
  c:\program files (x86)\windows kits\10\include\10.0.17763.0\ucrt\conio.h(456): note: see declaration of 'getche'
c:\c++\file structure\pharmacy system cmd\graph\signup.h(240): warning C4996: 'getche': The POSIX name for this item is deprecated. Instead, use the ISO C and C++ conformant name: _getche. See online help for details.
  c:\program files (x86)\windows kits\10\include\10.0.17763.0\ucrt\conio.h(456): note: see declaration of 'getche'
c:\c++\file structure\pharmacy system cmd\graph\signup.h(253): warning C4244: '=': conversion from 'std::streamoff' to 'int', possible loss of data
c:\c++\file structure\pharmacy system cmd\graph\signup.h(258): warning C4996: 'strcpy': This function or variable may be unsafe. Consider using strcpy_s instead. To disable deprecation, use _CRT_SECURE_NO_WARNINGS. See online help for details.
  c:\program files (x86)\windows kits\10\include\10.0.17763.0\ucrt\string.h(133): note: see declaration of 'strcpy'
c:\c++\file structure\pharmacy system cmd\graph\signup.h(270): warning C4996: 'getche': The POSIX name for this item is deprecated. Instead, use the ISO C and C++ conformant name: _getche. See online help for details.
  c:\program files (x86)\windows kits\10\include\10.0.17763.0\ucrt\conio.h(456): note: see declaration of 'getche'
c:\c++\file structure\pharmacy system cmd\graph\signup.h(283): warning C4244: '=': conversion from 'std::streamoff' to 'int', possible loss of data
c:\c++\file structure\pharmacy system cmd\graph\signup.h(288): warning C4996: 'strcpy': This function or variable may be unsafe. Consider using strcpy_s instead. To disable deprecation, use _CRT_SECURE_NO_WARNINGS. See online help for details.
  c:\program files (x86)\windows kits\10\include\10.0.17763.0\ucrt\string.h(133): note: see declaration of 'strcpy'
c:\c++\file structure\pharmacy system cmd\graph\signup.h(305): warning C4244: '=': conversion from 'std::streamoff' to 'int', possible loss of data
c:\c++\file structure\pharmacy system cmd\graph\signup.h(310): warning C4996: 'strcpy': This function or variable may be unsafe. Consider using strcpy_s instead. To disable deprecation, use _CRT_SECURE_NO_WARNINGS. See online help for details.
  c:\program files (x86)\windows kits\10\include\10.0.17763.0\ucrt\string.h(133): note: see declaration of 'strcpy'
c:\c++\file structure\pharmacy system cmd\graph\signup.h(318): warning C4996: 'getche': The POSIX name for this item is deprecated. Instead, use the ISO C and C++ conformant name: _getche. See online help for details.
  c:\program files (x86)\windows kits\10\include\10.0.17763.0\ucrt\conio.h(456): note: see declaration of 'getche'
c:\c++\file structure\pharmacy system cmd\graph\signup.h(330): warning C4996: 'getche': The POSIX name for this item is deprecated. Instead, use the ISO C and C++ conformant name: _getche. See online help for details.
  c:\program files (x86)\windows kits\10\include\10.0.17763.0\ucrt\conio.h(456): note: see declaration of 'getche'
c:\c++\file structure\pharmacy system cmd\graph\signup.h(350): warning C4996: 'getche': The POSIX name for this item is deprecated. Instead, use the ISO C and C++ conformant name: _getche. See online help for details.
  c:\program files (x86)\windows kits\10\include\10.0.17763.0\ucrt\conio.h(456): note: see declaration of 'getche'
c:\c++\file structure\pharmacy system cmd\graph\signup.h(354): warning C4996: 'getche': The POSIX name for this item is deprecated. Instead, use the ISO C and C++ conformant name: _getche. See online help for details.
  c:\program files (x86)\windows kits\10\include\10.0.17763.0\ucrt\conio.h(456): note: see declaration of 'getche'
c:\c++\file structure\pharmacy system cmd\graph\signup.h(369): warning C4996: 'getche': The POSIX name for this item is deprecated. Instead, use the ISO C and C++ conformant name: _getche. See online help for details.
  c:\program files (x86)\windows kits\10\include\10.0.17763.0\ucrt\conio.h(456): note: see declaration of 'getche'
c:\c++\file structure\pharmacy system cmd\graph\signup.h(373): warning C4996: 'getche': The POSIX name for this item is deprecated. Instead, use the ISO C and C++ conformant name: _getche. See online help for details.
  c:\program files (x86)\windows kits\10\include\10.0.17763.0\ucrt\conio.h(456): note: see declaration of 'getche'
c:\c++\file structure\pharmacy system cmd\graph\signup.h(404): warning C4067: unexpected tokens following preprocessor directive - expected a newline
c:\c++\file structure\pharmacy system cmd\graph\signup.h(411): warning C4067: unexpected tokens following preprocessor directive - expected a newline
c:\c++\file structure\pharmacy system cmd\graph\signup.h(418): warning C4067: unexpected tokens following preprocessor directive - expected a newline
c:\c++\file structure\pharmacy system cmd\graph\signup.h(426): warning C4067: unexpected tokens following preprocessor directive - expected a newline
c:\c++\file structure\pharmacy system cmd\graph\signup.h(435): warning C4067: unexpected tokens following preprocessor directive - expected a newline
c:\c++\file structure\pharmacy system cmd\graph\signup.h(437): warning C4067: unexpected tokens following preprocessor directive - expected a newline
c:\c++\file structure\pharmacy system cmd\graph\list2.h(76): warning C4067: unexpected tokens following preprocessor directive - expected a newline
c:\c++\file structure\pharmacy system cmd\graph\signup.h(22): warning C4067: unexpected tokens following preprocessor directive - expected a newline
c:\c++\file structure\pharmacy system cmd\graph\signup.h(65): warning C4067: unexpected tokens following preprocessor directive - expected a newline
c:\c++\file structure\pharmacy system cmd\graph\signup.h(78): warning C4067: unexpected tokens following preprocessor directive - expected a newline
c:\c++\file structure\pharmacy system cmd\graph\signup.h(88): warning C4067: unexpected tokens following preprocessor directive - expected a newline
c:\c++\file structure\pharmacy system cmd\graph\signup.h(101): warning C4067: unexpected tokens following preprocessor directive - expected a newline
c:\c++\file structure\pharmacy system cmd\graph\signup.h(127): warning C4067: unexpected tokens following preprocessor directive - expected a newline
c:\c++\file structure\pharmacy system cmd\graph\signup.h(129): warning C4067: unexpected tokens following preprocessor directive - expected a newline
c:\c++\file structure\pharmacy system cmd\graph\signup.h(175): warning C4067: unexpected tokens following preprocessor directive - expected a newline
c:\c++\file structure\pharmacy system cmd\graph\signup.h(179): warning C4067: unexpected tokens following preprocessor directive - expected a newline
c:\c++\file structure\pharmacy system cmd\graph\signup.h(82): warning C4996: 'getche': The POSIX name for this item is deprecated. Instead, use the ISO C and C++ conformant name: _getche. See online help for details.
  c:\program files (x86)\windows kits\10\include\10.0.17763.0\ucrt\conio.h(456): note: see declaration of 'getche'
c:\c++\file structure\pharmacy system cmd\graph\signup.h(105): warning C4996: 'getche': The POSIX name for this item is deprecated. Instead, use the ISO C and C++ conformant name: _getche. See online help for details.
  c:\program files (x86)\windows kits\10\include\10.0.17763.0\ucrt\conio.h(456): note: see declaration of 'getche'
c:\c++\file structure\pharmacy system cmd\graph\signup.h(113): warning C4996: 'getch': The POSIX name for this item is deprecated. Instead, use the ISO C and C++ conformant name: _getch. See online help for details.
  c:\program files (x86)\windows kits\10\include\10.0.17763.0\ucrt\conio.h(453): note: see declaration of 'getch'
c:\c++\file structure\pharmacy system cmd\graph\signup.h(147): warning C4018: '<': signed/unsigned mismatch
c:\c++\file structure\pharmacy system cmd\graph\signup.h(167): warning C4244: '=': conversion from 'std::streamoff' to 'int', possible loss of data
c:\c++\file structure\pharmacy system cmd\graph\login.h(10): warning C4018: '<': signed/unsigned mismatch
c:\c++\file structure\pharmacy system cmd\graph\login.h(31): warning C4244: '=': conversion from 'std::streamoff' to 'int', possible loss of data
c:\c++\file structure\pharmacy system cmd\graph\login.h(54): warning C4244: '=': conversion from 'std::streamoff' to 'int', possible loss of data
c:\c++\file structure\pharmacy system cmd\graph\login.h(36): warning C4996: 'strcpy': This function or variable may be unsafe. Consider using strcpy_s instead. To disable deprecation, use _CRT_SECURE_NO_WARNINGS. See online help for details.
  c:\program files (x86)\windows kits\10\include\10.0.17763.0\ucrt\string.h(133): note: see declaration of 'strcpy'
c:\c++\file structure\pharmacy system cmd\graph\signup.h(172): warning C4996: 'strcpy': This function or variable may be unsafe. Consider using strcpy_s instead. To disable deprecation, use _CRT_SECURE_NO_WARNINGS. See online help for details.
  c:\program files (x86)\windows kits\10\include\10.0.17763.0\ucrt\string.h(133): note: see declaration of 'strcpy'
c:\c++\file structure\pharmacy system cmd\graph\login.h(115): warning C4996: 'getche': The POSIX name for this item is deprecated. Instead, use the ISO C and C++ conformant name: _getche. See online help for details.
  c:\program files (x86)\windows kits\10\include\10.0.17763.0\ucrt\conio.h(456): note: see declaration of 'getche'
c:\c++\file structure\pharmacy system cmd\graph\login.h(120): warning C4996: 'getche': The POSIX name for this item is deprecated. Instead, use the ISO C and C++ conformant name: _getche. See online help for details.
  c:\program files (x86)\windows kits\10\include\10.0.17763.0\ucrt\conio.h(456): note: see declaration of 'getche'
c:\c++\file structure\pharmacy system cmd\graph\signup.h(231): warning C4996: 'getche': The POSIX name for this item is deprecated. Instead, use the ISO C and C++ conformant name: _getche. See online help for details.
  c:\program files (x86)\windows kits\10\include\10.0.17763.0\ucrt\conio.h(456): note: see declaration of 'getche'
c:\c++\file structure\pharmacy system cmd\graph\signup.h(240): warning C4996: 'getche': The POSIX name for this item is deprecated. Instead, use the ISO C and C++ conformant name: _getche. See online help for details.
  c:\program files (x86)\windows kits\10\include\10.0.17763.0\ucrt\conio.h(456): note: see declaration of 'getche'
c:\c++\file structure\pharmacy system cmd\graph\signup.h(253): warning C4244: '=': conversion from 'std::streamoff' to 'int', possible loss of data
c:\c++\file structure\pharmacy system cmd\graph\signup.h(258): warning C4996: 'strcpy': This function or variable may be unsafe. Consider using strcpy_s instead. To disable deprecation, use _CRT_SECURE_NO_WARNINGS. See online help for details.
  c:\program files (x86)\windows kits\10\include\10.0.17763.0\ucrt\string.h(133): note: see declaration of 'strcpy'
c:\c++\file structure\pharmacy system cmd\graph\signup.h(270): warning C4996: 'getche': The POSIX name for this item is deprecated. Instead, use the ISO C and C++ conformant name: _getche. See online help for details.
  c:\program files (x86)\windows kits\10\include\10.0.17763.0\ucrt\conio.h(456): note: see declaration of 'getche'
c:\c++\file structure\pharmacy system cmd\graph\signup.h(283): warning C4244: '=': conversion from 'std::streamoff' to 'int', possible loss of data
c:\c++\file structure\pharmacy system cmd\graph\signup.h(288): warning C4996: 'strcpy': This function or variable may be unsafe. Consider using strcpy_s instead. To disable deprecation, use _CRT_SECURE_NO_WARNINGS. See online help for details.
  c:\program files (x86)\windows kits\10\include\10.0.17763.0\ucrt\string.h(133): note: see declaration of 'strcpy'
c:\c++\file structure\pharmacy system cmd\graph\signup.h(305): warning C4244: '=': conversion from 'std::streamoff' to 'int', possible loss of data
c:\c++\file structure\pharmacy system cmd\graph\signup.h(310): warning C4996: 'strcpy': This function or variable may be unsafe. Consider using strcpy_s instead. To disable deprecation, use _CRT_SECURE_NO_WARNINGS. See online help for details.
  c:\program files (x86)\windows kits\10\include\10.0.17763.0\ucrt\string.h(133): note: see declaration of 'strcpy'
c:\c++\file structure\pharmacy system cmd\graph\signup.h(318): warning C4996: 'getche': The POSIX name for this item is deprecated. Instead, use the ISO C and C++ conformant name: _getche. See online help for details.
  c:\program files (x86)\windows kits\10\include\10.0.17763.0\ucrt\conio.h(456): note: see declaration of 'getche'
c:\c++\file structure\pharmacy system cmd\graph\signup.h(330): warning C4996: 'getche': The POSIX name for this item is deprecated. Instead, use the ISO C and C++ conformant name: _getche. See online help for details.
  c:\program files (x86)\windows kits\10\include\10.0.17763.0\ucrt\conio.h(456): note: see declaration of 'getche'
c:\c++\file structure\pharmacy system cmd\graph\signup.h(350): warning C4996: 'getche': The POSIX name for this item is deprecated. Instead, use the ISO C and C++ conformant name: _getche. See online help for details.
  c:\program files (x86)\windows kits\10\include\10.0.17763.0\ucrt\conio.h(456): note: see declaration of 'getche'
c:\c++\file structure\pharmacy system cmd\graph\signup.h(354): warning C4996: 'getche': The POSIX name for this item is deprecated. Instead, use the ISO C and C++ conformant name: _getche. See online help for details.
  c:\program files (x86)\windows kits\10\include\10.0.17763.0\ucrt\conio.h(456): note: see declaration of 'getche'
c:\c++\file structure\pharmacy system cmd\graph\signup.h(369): warning C4996: 'getche': The POSIX name for this item is deprecated. Instead, use the ISO C and C++ conformant name: _getche. See online help for details.
  c:\program files (x86)\windows kits\10\include\10.0.17763.0\ucrt\conio.h(456): note: see declaration of 'getche'
c:\c++\file structure\pharmacy system cmd\graph\signup.h(373): warning C4996: 'getche': The POSIX name for this item is deprecated. Instead, use the ISO C and C++ conformant name: _getche. See online help for details.
  c:\program files (x86)\windows kits\10\include\10.0.17763.0\ucrt\conio.h(456): note: see declaration of 'getche'
c:\c++\file structure\pharmacy system cmd\graph\signup.h(404): warning C4067: unexpected tokens following preprocessor directive - expected a newline
c:\c++\file structure\pharmacy system cmd\graph\signup.h(411): warning C4067: unexpected tokens following preprocessor directive - expected a newline
c:\c++\file structure\pharmacy system cmd\graph\signup.h(418): warning C4067: unexpected tokens following preprocessor directive - expected a newline
c:\c++\file structure\pharmacy system cmd\graph\signup.h(426): warning C4067: unexpected tokens following preprocessor directive - expected a newline
c:\c++\file structure\pharmacy system cmd\graph\signup.h(435): warning C4067: unexpected tokens following preprocessor directive - expected a newline
c:\c++\file structure\pharmacy system cmd\graph\signup.h(437): warning C4067: unexpected tokens following preprocessor directive - expected a newline
c:\c++\file structure\pharmacy system cmd\graph\list2.h(82): warning C4067: unexpected tokens following preprocessor directive - expected a newline
c:\c++\file structure\pharmacy system cmd\graph\signup.h(22): warning C4067: unexpected tokens following preprocessor directive - expected a newline
c:\c++\file structure\pharmacy system cmd\graph\signup.h(65): warning C4067: unexpected tokens following preprocessor directive - expected a newline
c:\c++\file structure\pharmacy system cmd\graph\signup.h(78): warning C4067: unexpected tokens following preprocessor directive - expected a newline
c:\c++\file structure\pharmacy system cmd\graph\signup.h(88): warning C4067: unexpected tokens following preprocessor directive - expected a newline
c:\c++\file structure\pharmacy system cmd\graph\signup.h(101): warning C4067: unexpected tokens following preprocessor directive - expected a newline
c:\c++\file structure\pharmacy system cmd\graph\signup.h(127): warning C4067: unexpected tokens following preprocessor directive - expected a newline
c:\c++\file structure\pharmacy system cmd\graph\signup.h(129): warning C4067: unexpected tokens following preprocessor directive - expected a newline
c:\c++\file structure\pharmacy system cmd\graph\signup.h(175): warning C4067: unexpected tokens following preprocessor directive - expected a newline
c:\c++\file structure\pharmacy system cmd\graph\signup.h(179): warning C4067: unexpected tokens following preprocessor directive - expected a newline
c:\c++\file structure\pharmacy system cmd\graph\signup.h(82): warning C4996: 'getche': The POSIX name for this item is deprecated. Instead, use the ISO C and C++ conformant name: _getche. See online help for details.
  c:\program files (x86)\windows kits\10\include\10.0.17763.0\ucrt\conio.h(456): note: see declaration of 'getche'
c:\c++\file structure\pharmacy system cmd\graph\signup.h(105): warning C4996: 'getche': The POSIX name for this item is deprecated. Instead, use the ISO C and C++ conformant name: _getche. See online help for details.
  c:\program files (x86)\windows kits\10\include\10.0.17763.0\ucrt\conio.h(456): note: see declaration of 'getche'
c:\c++\file structure\pharmacy system cmd\graph\signup.h(113): warning C4996: 'getch': The POSIX name for this item is deprecated. Instead, use the ISO C and C++ conformant name: _getch. See online help for details.
  c:\program files (x86)\windows kits\10\include\10.0.17763.0\ucrt\conio.h(453): note: see declaration of 'getch'
c:\c++\file structure\pharmacy system cmd\graph\signup.h(147): warning C4018: '<': signed/unsigned mismatch
c:\c++\file structure\pharmacy system cmd\graph\signup.h(167): warning C4244: '=': conversion from 'std::streamoff' to 'int', possible loss of data
c:\c++\file structure\pharmacy system cmd\graph\login.h(10): warning C4018: '<': signed/unsigned mismatch
c:\c++\file structure\pharmacy system cmd\graph\login.h(31): warning C4244: '=': conversion from 'std::streamoff' to 'int', possible loss of data
c:\c++\file structure\pharmacy system cmd\graph\login.h(54): warning C4244: '=': conversion from 'std::streamoff' to 'int', possible loss of data
c:\c++\file structure\pharmacy system cmd\graph\login.h(36): warning C4996: 'strcpy': This function or variable may be unsafe. Consider using strcpy_s instead. To disable deprecation, use _CRT_SECURE_NO_WARNINGS. See online help for details.
  c:\program files (x86)\windows kits\10\include\10.0.17763.0\ucrt\string.h(133): note: see declaration of 'strcpy'
c:\c++\file structure\pharmacy system cmd\graph\signup.h(172): warning C4996: 'strcpy': This function or variable may be unsafe. Consider using strcpy_s instead. To disable deprecation, use _CRT_SECURE_NO_WARNINGS. See online help for details.
  c:\program files (x86)\windows kits\10\include\10.0.17763.0\ucrt\string.h(133): note: see declaration of 'strcpy'
c:\c++\file structure\pharmacy system cmd\graph\login.h(115): warning C4996: 'getche': The POSIX name for this item is deprecated. Instead, use the ISO C and C++ conformant name: _getche. See online help for details.
  c:\program files (x86)\windows kits\10\include\10.0.17763.0\ucrt\conio.h(456): note: see declaration of 'getche'
c:\c++\file structure\pharmacy system cmd\graph\login.h(120): warning C4996: 'getche': The POSIX name for this item is deprecated. Instead, use the ISO C and C++ conformant name: _getche. See online help for details.
  c:\program files (x86)\windows kits\10\include\10.0.17763.0\ucrt\conio.h(456): note: see declaration of 'getche'
c:\c++\file structure\pharmacy system cmd\graph\signup.h(231): warning C4996: 'getche': The POSIX name for this item is deprecated. Instead, use the ISO C and C++ conformant name: _getche. See online help for details.
  c:\program files (x86)\windows kits\10\include\10.0.17763.0\ucrt\conio.h(456): note: see declaration of 'getche'
c:\c++\file structure\pharmacy system cmd\graph\signup.h(240): warning C4996: 'getche': The POSIX name for this item is deprecated. Instead, use the ISO C and C++ conformant name: _getche. See online help for details.
  c:\program files (x86)\windows kits\10\include\10.0.17763.0\ucrt\conio.h(456): note: see declaration of 'getche'
c:\c++\file structure\pharmacy system cmd\graph\signup.h(253): warning C4244: '=': conversion from 'std::streamoff' to 'int', possible loss of data
c:\c++\file structure\pharmacy system cmd\graph\signup.h(258): warning C4996: 'strcpy': This function or variable may be unsafe. Consider using strcpy_s instead. To disable deprecation, use _CRT_SECURE_NO_WARNINGS. See online help for details.
  c:\program files (x86)\windows kits\10\include\10.0.17763.0\ucrt\string.h(133): note: see declaration of 'strcpy'
c:\c++\file structure\pharmacy system cmd\graph\signup.h(270): warning C4996: 'getche': The POSIX name for this item is deprecated. Instead, use the ISO C and C++ conformant name: _getche. See online help for details.
  c:\program files (x86)\windows kits\10\include\10.0.17763.0\ucrt\conio.h(456): note: see declaration of 'getche'
c:\c++\file structure\pharmacy system cmd\graph\signup.h(283): warning C4244: '=': conversion from 'std::streamoff' to 'int', possible loss of data
c:\c++\file structure\pharmacy system cmd\graph\signup.h(288): warning C4996: 'strcpy': This function or variable may be unsafe. Consider using strcpy_s instead. To disable deprecation, use _CRT_SECURE_NO_WARNINGS. See online help for details.
  c:\program files (x86)\windows kits\10\include\10.0.17763.0\ucrt\string.h(133): note: see declaration of 'strcpy'
c:\c++\file structure\pharmacy system cmd\graph\signup.h(305): warning C4244: '=': conversion from 'std::streamoff' to 'int', possible loss of data
c:\c++\file structure\pharmacy system cmd\graph\signup.h(310): warning C4996: 'strcpy': This function or variable may be unsafe. Consider using strcpy_s instead. To disable deprecation, use _CRT_SECURE_NO_WARNINGS. See online help for details.
  c:\program files (x86)\windows kits\10\include\10.0.17763.0\ucrt\string.h(133): note: see declaration of 'strcpy'
c:\c++\file structure\pharmacy system cmd\graph\signup.h(318): warning C4996: 'getche': The POSIX name for this item is deprecated. Instead, use the ISO C and C++ conformant name: _getche. See online help for details.
  c:\program files (x86)\windows kits\10\include\10.0.17763.0\ucrt\conio.h(456): note: see declaration of 'getche'
c:\c++\file structure\pharmacy system cmd\graph\signup.h(330): warning C4996: 'getche': The POSIX name for this item is deprecated. Instead, use the ISO C and C++ conformant name: _getche. See online help for details.
  c:\program files (x86)\windows kits\10\include\10.0.17763.0\ucrt\conio.h(456): note: see declaration of 'getche'
c:\c++\file structure\pharmacy system cmd\graph\signup.h(350): warning C4996: 'getche': The POSIX name for this item is deprecated. Instead, use the ISO C and C++ conformant name: _getche. See online help for details.
  c:\program files (x86)\windows kits\10\include\10.0.17763.0\ucrt\conio.h(456): note: see declaration of 'getche'
c:\c++\file structure\pharmacy system cmd\graph\signup.h(354): warning C4996: 'getche': The POSIX name for this item is deprecated. Instead, use the ISO C and C++ conformant name: _getche. See online help for details.
  c:\program files (x86)\windows kits\10\include\10.0.17763.0\ucrt\conio.h(456): note: see declaration of 'getche'
c:\c++\file structure\pharmacy system cmd\graph\signup.h(369): warning C4996: 'getche': The POSIX name for this item is deprecated. Instead, use the ISO C and C++ conformant name: _getche. See online help for details.
  c:\program files (x86)\windows kits\10\include\10.0.17763.0\ucrt\conio.h(456): note: see declaration of 'getche'
c:\c++\file structure\pharmacy system cmd\graph\signup.h(373): warning C4996: 'getche': The POSIX name for this item is deprecated. Instead, use the ISO C and C++ conformant name: _getche. See online help for details.
  c:\program files (x86)\windows kits\10\include\10.0.17763.0\ucrt\conio.h(456): note: see declaration of 'getche'
c:\c++\file structure\pharmacy system cmd\graph\signup.h(404): warning C4067: unexpected tokens following preprocessor directive - expected a newline
c:\c++\file structure\pharmacy system cmd\graph\signup.h(411): warning C4067: unexpected tokens following preprocessor directive - expected a newline
c:\c++\file structure\pharmacy system cmd\graph\signup.h(418): warning C4067: unexpected tokens following preprocessor directive - expected a newline
c:\c++\file structure\pharmacy system cmd\graph\signup.h(426): warning C4067: unexpected tokens following preprocessor directive - expected a newline
c:\c++\file structure\pharmacy system cmd\graph\signup.h(435): warning C4067: unexpected tokens following preprocessor directive - expected a newline
c:\c++\file structure\pharmacy system cmd\graph\signup.h(437): warning C4067: unexpected tokens following preprocessor directive - expected a newline
c:\c++\file structure\pharmacy system cmd\graph\list2.h(88): warning C4067: unexpected tokens following preprocessor directive - expected a newline
c:\c++\file structure\pharmacy system cmd\graph\signup.h(22): warning C4067: unexpected tokens following preprocessor directive - expected a newline
c:\c++\file structure\pharmacy system cmd\graph\signup.h(65): warning C4067: unexpected tokens following preprocessor directive - expected a newline
c:\c++\file structure\pharmacy system cmd\graph\signup.h(78): warning C4067: unexpected tokens following preprocessor directive - expected a newline
c:\c++\file structure\pharmacy system cmd\graph\signup.h(88): warning C4067: unexpected tokens following preprocessor directive - expected a newline
c:\c++\file structure\pharmacy system cmd\graph\signup.h(101): warning C4067: unexpected tokens following preprocessor directive - expected a newline
c:\c++\file structure\pharmacy system cmd\graph\signup.h(127): warning C4067: unexpected tokens following preprocessor directive - expected a newline
c:\c++\file structure\pharmacy system cmd\graph\signup.h(129): warning C4067: unexpected tokens following preprocessor directive - expected a newline
c:\c++\file structure\pharmacy system cmd\graph\signup.h(175): warning C4067: unexpected tokens following preprocessor directive - expected a newline
c:\c++\file structure\pharmacy system cmd\graph\signup.h(179): warning C4067: unexpected tokens following preprocessor directive - expected a newline
c:\c++\file structure\pharmacy system cmd\graph\signup.h(82): warning C4996: 'getche': The POSIX name for this item is deprecated. Instead, use the ISO C and C++ conformant name: _getche. See online help for details.
  c:\program files (x86)\windows kits\10\include\10.0.17763.0\ucrt\conio.h(456): note: see declaration of 'getche'
c:\c++\file structure\pharmacy system cmd\graph\signup.h(105): warning C4996: 'getche': The POSIX name for this item is deprecated. Instead, use the ISO C and C++ conformant name: _getche. See online help for details.
  c:\program files (x86)\windows kits\10\include\10.0.17763.0\ucrt\conio.h(456): note: see declaration of 'getche'
c:\c++\file structure\pharmacy system cmd\graph\signup.h(113): warning C4996: 'getch': The POSIX name for this item is deprecated. Instead, use the ISO C and C++ conformant name: _getch. See online help for details.
  c:\program files (x86)\windows kits\10\include\10.0.17763.0\ucrt\conio.h(453): note: see declaration of 'getch'
c:\c++\file structure\pharmacy system cmd\graph\signup.h(147): warning C4018: '<': signed/unsigned mismatch
c:\c++\file structure\pharmacy system cmd\graph\signup.h(167): warning C4244: '=': conversion from 'std::streamoff' to 'int', possible loss of data
c:\c++\file structure\pharmacy system cmd\graph\login.h(10): warning C4018: '<': signed/unsigned mismatch
c:\c++\file structure\pharmacy system cmd\graph\login.h(31): warning C4244: '=': conversion from 'std::streamoff' to 'int', possible loss of data
c:\c++\file structure\pharmacy system cmd\graph\login.h(54): warning C4244: '=': conversion from 'std::streamoff' to 'int', possible loss of data
c:\c++\file structure\pharmacy system cmd\graph\login.h(36): warning C4996: 'strcpy': This function or variable may be unsafe. Consider using strcpy_s instead. To disable deprecation, use _CRT_SECURE_NO_WARNINGS. See online help for details.
  c:\program files (x86)\windows kits\10\include\10.0.17763.0\ucrt\string.h(133): note: see declaration of 'strcpy'
c:\c++\file structure\pharmacy system cmd\graph\signup.h(172): warning C4996: 'strcpy': This function or variable may be unsafe. Consider using strcpy_s instead. To disable deprecation, use _CRT_SECURE_NO_WARNINGS. See online help for details.
  c:\program files (x86)\windows kits\10\include\10.0.17763.0\ucrt\string.h(133): note: see declaration of 'strcpy'
c:\c++\file structure\pharmacy system cmd\graph\login.h(115): warning C4996: 'getche': The POSIX name for this item is deprecated. Instead, use the ISO C and C++ conformant name: _getche. See online help for details.
  c:\program files (x86)\windows kits\10\include\10.0.17763.0\ucrt\conio.h(456): note: see declaration of 'getche'
c:\c++\file structure\pharmacy system cmd\graph\login.h(120): warning C4996: 'getche': The POSIX name for this item is deprecated. Instead, use the ISO C and C++ conformant name: _getche. See online help for details.
  c:\program files (x86)\windows kits\10\include\10.0.17763.0\ucrt\conio.h(456): note: see declaration of 'getche'
c:\c++\file structure\pharmacy system cmd\graph\signup.h(231): warning C4996: 'getche': The POSIX name for this item is deprecated. Instead, use the ISO C and C++ conformant name: _getche. See online help for details.
  c:\program files (x86)\windows kits\10\include\10.0.17763.0\ucrt\conio.h(456): note: see declaration of 'getche'
c:\c++\file structure\pharmacy system cmd\graph\signup.h(240): warning C4996: 'getche': The POSIX name for this item is deprecated. Instead, use the ISO C and C++ conformant name: _getche. See online help for details.
  c:\program files (x86)\windows kits\10\include\10.0.17763.0\ucrt\conio.h(456): note: see declaration of 'getche'
c:\c++\file structure\pharmacy system cmd\graph\signup.h(253): warning C4244: '=': conversion from 'std::streamoff' to 'int', possible loss of data
c:\c++\file structure\pharmacy system cmd\graph\signup.h(258): warning C4996: 'strcpy': This function or variable may be unsafe. Consider using strcpy_s instead. To disable deprecation, use _CRT_SECURE_NO_WARNINGS. See online help for details.
  c:\program files (x86)\windows kits\10\include\10.0.17763.0\ucrt\string.h(133): note: see declaration of 'strcpy'
c:\c++\file structure\pharmacy system cmd\graph\signup.h(270): warning C4996: 'getche': The POSIX name for this item is deprecated. Instead, use the ISO C and C++ conformant name: _getche. See online help for details.
  c:\program files (x86)\windows kits\10\include\10.0.17763.0\ucrt\conio.h(456): note: see declaration of 'getche'
c:\c++\file structure\pharmacy system cmd\graph\signup.h(283): warning C4244: '=': conversion from 'std::streamoff' to 'int', possible loss of data
c:\c++\file structure\pharmacy system cmd\graph\signup.h(288): warning C4996: 'strcpy': This function or variable may be unsafe. Consider using strcpy_s instead. To disable deprecation, use _CRT_SECURE_NO_WARNINGS. See online help for details.
  c:\program files (x86)\windows kits\10\include\10.0.17763.0\ucrt\string.h(133): note: see declaration of 'strcpy'
c:\c++\file structure\pharmacy system cmd\graph\signup.h(305): warning C4244: '=': conversion from 'std::streamoff' to 'int', possible loss of data
c:\c++\file structure\pharmacy system cmd\graph\signup.h(310): warning C4996: 'strcpy': This function or variable may be unsafe. Consider using strcpy_s instead. To disable deprecation, use _CRT_SECURE_NO_WARNINGS. See online help for details.
  c:\program files (x86)\windows kits\10\include\10.0.17763.0\ucrt\string.h(133): note: see declaration of 'strcpy'
c:\c++\file structure\pharmacy system cmd\graph\signup.h(318): warning C4996: 'getche': The POSIX name for this item is deprecated. Instead, use the ISO C and C++ conformant name: _getche. See online help for details.
  c:\program files (x86)\windows kits\10\include\10.0.17763.0\ucrt\conio.h(456): note: see declaration of 'getche'
c:\c++\file structure\pharmacy system cmd\graph\signup.h(330): warning C4996: 'getche': The POSIX name for this item is deprecated. Instead, use the ISO C and C++ conformant name: _getche. See online help for details.
  c:\program files (x86)\windows kits\10\include\10.0.17763.0\ucrt\conio.h(456): note: see declaration of 'getche'
c:\c++\file structure\pharmacy system cmd\graph\signup.h(350): warning C4996: 'getche': The POSIX name for this item is deprecated. Instead, use the ISO C and C++ conformant name: _getche. See online help for details.
  c:\program files (x86)\windows kits\10\include\10.0.17763.0\ucrt\conio.h(456): note: see declaration of 'getche'
c:\c++\file structure\pharmacy system cmd\graph\signup.h(354): warning C4996: 'getche': The POSIX name for this item is deprecated. Instead, use the ISO C and C++ conformant name: _getche. See online help for details.
  c:\program files (x86)\windows kits\10\include\10.0.17763.0\ucrt\conio.h(456): note: see declaration of 'getche'
c:\c++\file structure\pharmacy system cmd\graph\signup.h(369): warning C4996: 'getche': The POSIX name for this item is deprecated. Instead, use the ISO C and C++ conformant name: _getche. See online help for details.
  c:\program files (x86)\windows kits\10\include\10.0.17763.0\ucrt\conio.h(456): note: see declaration of 'getche'
c:\c++\file structure\pharmacy system cmd\graph\signup.h(373): warning C4996: 'getche': The POSIX name for this item is deprecated. Instead, use the ISO C and C++ conformant name: _getche. See online help for details.
  c:\program files (x86)\windows kits\10\include\10.0.17763.0\ucrt\conio.h(456): note: see declaration of 'getche'
c:\c++\file structure\pharmacy system cmd\graph\signup.h(404): warning C4067: unexpected tokens following preprocessor directive - expected a newline
c:\c++\file structure\pharmacy system cmd\graph\signup.h(411): warning C4067: unexpected tokens following preprocessor directive - expected a newline
c:\c++\file structure\pharmacy system cmd\graph\signup.h(418): warning C4067: unexpected tokens following preprocessor directive - expected a newline
c:\c++\file structure\pharmacy system cmd\graph\signup.h(426): warning C4067: unexpected tokens following preprocessor directive - expected a newline
c:\c++\file structure\pharmacy system cmd\graph\signup.h(435): warning C4067: unexpected tokens following preprocessor directive - expected a newline
c:\c++\file structure\pharmacy system cmd\graph\signup.h(437): warning C4067: unexpected tokens following preprocessor directive - expected a newline
c:\c++\file structure\pharmacy system cmd\graph\leftlist.h(9): warning C4996: 'getch': The POSIX name for this item is deprecated. Instead, use the ISO C and C++ conformant name: _getch. See online help for details.
  c:\program files (x86)\windows kits\10\include\10.0.17763.0\ucrt\conio.h(453): note: see declaration of 'getch'
c:\c++\file structure\pharmacy system cmd\graph\leftlist.h(23): warning C4996: '_sleep': This function or variable has been superceded by newer library or operating system functionality. Consider using Sleep instead. See online help for details.
  c:\program files (x86)\windows kits\10\include\10.0.17763.0\ucrt\stdlib.h(1274): note: see declaration of '_sleep'
c:\c++\file structure\pharmacy system cmd\graph\leftlist.h(32): warning C4996: '_sleep': This function or variable has been superceded by newer library or operating system functionality. Consider using Sleep instead. See online help for details.
  c:\program files (x86)\windows kits\10\include\10.0.17763.0\ucrt\stdlib.h(1274): note: see declaration of '_sleep'
c:\c++\file structure\pharmacy system cmd\graph\leftlist.h(42): warning C4996: '_sleep': This function or variable has been superceded by newer library or operating system functionality. Consider using Sleep instead. See online help for details.
  c:\program files (x86)\windows kits\10\include\10.0.17763.0\ucrt\stdlib.h(1274): note: see declaration of '_sleep'
c:\c++\file structure\pharmacy system cmd\graph\signup.h(443): warning C4996: 'getche': The POSIX name for this item is deprecated. Instead, use the ISO C and C++ conformant name: _getche. See online help for details.
  c:\program files (x86)\windows kits\10\include\10.0.17763.0\ucrt\conio.h(456): note: see declaration of 'getche'
c:\c++\file structure\pharmacy system cmd\graph\list2.h(10): warning C4996: 'getch': The POSIX name for this item is deprecated. Instead, use the ISO C and C++ conformant name: _getch. See online help for details.
  c:\program files (x86)\windows kits\10\include\10.0.17763.0\ucrt\conio.h(453): note: see declaration of 'getch'
c:\c++\file structure\pharmacy system cmd\graph\list2.h(24): warning C4996: '_sleep': This function or variable has been superceded by newer library or operating system functionality. Consider using Sleep instead. See online help for details.
  c:\program files (x86)\windows kits\10\include\10.0.17763.0\ucrt\stdlib.h(1274): note: see declaration of '_sleep'
c:\c++\file structure\pharmacy system cmd\graph\list2.h(33): warning C4996: '_sleep': This function or variable has been superceded by newer library or operating system functionality. Consider using Sleep instead. See online help for details.
  c:\program files (x86)\windows kits\10\include\10.0.17763.0\ucrt\stdlib.h(1274): note: see declaration of '_sleep'
c:\c++\file structure\pharmacy system cmd\graph\list2.h(43): warning C4996: '_sleep': This function or variable has been superceded by newer library or operating system functionality. Consider using Sleep instead. See online help for details.
  c:\program files (x86)\windows kits\10\include\10.0.17763.0\ucrt\stdlib.h(1274): note: see declaration of '_sleep'
c:\c++\file structure\pharmacy system cmd\graph\list2.h(53): warning C4996: '_sleep': This function or variable has been superceded by newer library or operating system functionality. Consider using Sleep instead. See online help for details.
  c:\program files (x86)\windows kits\10\include\10.0.17763.0\ucrt\stdlib.h(1274): note: see declaration of '_sleep'
c:\c++\file structure\pharmacy system cmd\graph\signup.h(443): warning C4996: 'getche': The POSIX name for this item is deprecated. Instead, use the ISO C and C++ conformant name: _getche. See online help for details.
  c:\program files (x86)\windows kits\10\include\10.0.17763.0\ucrt\conio.h(456): note: see declaration of 'getche'
  graph.vcxproj -> C:\c++\file structure\pharmacy system cmd\Debug\graph.exe
